<?xml version="1.0" encoding="UTF-8"?>
<coverage generated="1627666174003" clover="3.2.0">
  <project timestamp="1627666174003" name="All files">
    <metrics statements="29" coveredstatements="29" conditionals="0" coveredconditionals="0" methods="14" coveredmethods="14" elements="43" coveredelements="43" complexity="0" loc="29" ncloc="29" packages="2" files="6" classes="6"/>
    <package name="src">
      <metrics statements="1" coveredstatements="1" conditionals="0" coveredconditionals="0" methods="1" coveredmethods="1"/>
      <file name="App.js" path="/Users/vijay/fe_assignment/src/App.js">
        <metrics statements="1" coveredstatements="1" conditionals="0" coveredconditionals="0" methods="1" coveredmethods="1"/>
        <line num="5" count="1" type="stmt"/>
      </file>
    </package>
    <package name="src.components">
      <metrics statements="28" coveredstatements="28" conditionals="0" coveredconditionals="0" methods="13" coveredmethods="13"/>
      <file name="AssignmentBlock.js" path="/Users/vijay/fe_assignment/src/components/AssignmentBlock.js">
        <metrics statements="11" coveredstatements="11" conditionals="0" coveredconditionals="0" methods="5" coveredmethods="5"/>
        <line num="4" count="1" type="stmt"/>
        <line num="5" count="4" type="stmt"/>
        <line num="6" count="4" type="stmt"/>
        <line num="8" count="4" type="stmt"/>
        <line num="9" count="2" type="stmt"/>
        <line num="10" count="2" type="stmt"/>
        <line num="11" count="24" type="stmt"/>
        <line num="12" count="2" type="stmt"/>
        <line num="15" count="4" type="stmt"/>
        <line num="20" count="48" type="stmt"/>
        <line num="31" count="5" type="stmt"/>
      </file>
      <file name="Attendance.js" path="/Users/vijay/fe_assignment/src/components/Attendance.js">
        <metrics statements="2" coveredstatements="2" conditionals="0" coveredconditionals="0" methods="1" coveredmethods="1"/>
        <line num="3" count="1" type="stmt"/>
        <line num="4" count="4" type="stmt"/>
      </file>
      <file name="AttendanceBlock.js" path="/Users/vijay/fe_assignment/src/components/AttendanceBlock.js">
        <metrics statements="10" coveredstatements="10" conditionals="0" coveredconditionals="0" methods="4" coveredmethods="4"/>
        <line num="5" count="1" type="stmt"/>
        <line num="6" count="4" type="stmt"/>
        <line num="7" count="4" type="stmt"/>
        <line num="9" count="4" type="stmt"/>
        <line num="10" count="2" type="stmt"/>
        <line num="11" count="2" type="stmt"/>
        <line num="12" count="9" type="stmt"/>
        <line num="13" count="2" type="stmt"/>
        <line num="15" count="4" type="stmt"/>
        <line num="20" count="20" type="stmt"/>
      </file>
      <file name="CGPACards.js" path="/Users/vijay/fe_assignment/src/components/CGPACards.js">
        <metrics statements="2" coveredstatements="2" conditionals="0" coveredconditionals="0" methods="1" coveredmethods="1"/>
        <line num="3" count="1" type="stmt"/>
        <line num="4" count="30" type="stmt"/>
      </file>
      <file name="PerformanceBlock.js" path="/Users/vijay/fe_assignment/src/components/PerformanceBlock.js">
        <metrics statements="3" coveredstatements="3" conditionals="0" coveredconditionals="0" methods="2" coveredmethods="2"/>
        <line num="8" count="1" type="stmt"/>
        <line num="10" count="1" type="stmt"/>
        <line num="13" count="5" type="stmt"/>
      </file>
    </package>
  </project>
</coverage>
