{"/Users/vijay/fe_assignment/src/App.js": {"path":"/Users/vijay/fe_assignment/src/App.js","statementMap":{"0":{"start":{"line":5,"column":2},"end":{"line":16,"column":4}}},"fnMap":{"0":{"name":"App","decl":{"start":{"line":4,"column":9},"end":{"line":4,"column":12}},"loc":{"start":{"line":4,"column":15},"end":{"line":17,"column":1}},"line":4}},"branchMap":{},"s":{"0":1},"f":{"0":1},"b":{},"_coverageSchema":"1a1c01bbd47fc00a2c39e90264f33305004495a9","hash":"3b22bbf21de9dcbec17e8c23fc4e0fed0c18f65a"}
,"/Users/vijay/fe_assignment/src/components/AssignmentBlock.js": {"path":"/Users/vijay/fe_assignment/src/components/AssignmentBlock.js","statementMap":{"0":{"start":{"line":4,"column":24},"end":{"line":40,"column":1}},"1":{"start":{"line":5,"column":34},"end":{"line":5,"column":46}},"2":{"start":{"line":6,"column":40},"end":{"line":6,"column":51}},"3":{"start":{"line":8,"column":23},"end":{"line":13,"column":3}},"4":{"start":{"line":9,"column":18},"end":{"line":9,"column":32}},"5":{"start":{"line":10,"column":4},"end":{"line":10,"column":24}},"6":{"start":{"line":11,"column":16},"end":{"line":11,"column":66}},"7":{"start":{"line":11,"column":43},"end":{"line":11,"column":65}},"8":{"start":{"line":12,"column":4},"end":{"line":12,"column":20}},"9":{"start":{"line":15,"column":2},"end":{"line":39,"column":3}},"10":{"start":{"line":20,"column":12},"end":{"line":25,"column":21}},"11":{"start":{"line":31,"column":10},"end":{"line":35,"column":11}}},"fnMap":{"0":{"name":"(anonymous_0)","decl":{"start":{"line":4,"column":24},"end":{"line":4,"column":25}},"loc":{"start":{"line":4,"column":30},"end":{"line":40,"column":1}},"line":4},"1":{"name":"(anonymous_1)","decl":{"start":{"line":8,"column":23},"end":{"line":8,"column":24}},"loc":{"start":{"line":8,"column":30},"end":{"line":13,"column":3}},"line":8},"2":{"name":"(anonymous_2)","decl":{"start":{"line":11,"column":35},"end":{"line":11,"column":36}},"loc":{"start":{"line":11,"column":43},"end":{"line":11,"column":65}},"line":11},"3":{"name":"(anonymous_3)","decl":{"start":{"line":19,"column":26},"end":{"line":19,"column":27}},"loc":{"start":{"line":20,"column":12},"end":{"line":25,"column":21}},"line":20},"4":{"name":"(anonymous_4)","decl":{"start":{"line":30,"column":20},"end":{"line":30,"column":21}},"loc":{"start":{"line":30,"column":27},"end":{"line":36,"column":9}},"line":30}},"branchMap":{},"s":{"0":1,"1":4,"2":4,"3":4,"4":2,"5":2,"6":2,"7":24,"8":2,"9":4,"10":48,"11":5},"f":{"0":4,"1":2,"2":24,"3":48,"4":5},"b":{},"_coverageSchema":"1a1c01bbd47fc00a2c39e90264f33305004495a9","hash":"bb6ba0199d13bae9ad410660411522b5d1e32dae"}
,"/Users/vijay/fe_assignment/src/components/Attendance.js": {"path":"/Users/vijay/fe_assignment/src/components/Attendance.js","statementMap":{"0":{"start":{"line":3,"column":19},"end":{"line":9,"column":1}},"1":{"start":{"line":4,"column":2},"end":{"line":8,"column":3}}},"fnMap":{"0":{"name":"(anonymous_0)","decl":{"start":{"line":3,"column":19},"end":{"line":3,"column":20}},"loc":{"start":{"line":3,"column":36},"end":{"line":9,"column":1}},"line":3}},"branchMap":{},"s":{"0":1,"1":4},"f":{"0":4},"b":{},"_coverageSchema":"1a1c01bbd47fc00a2c39e90264f33305004495a9","hash":"fc1d3a42fc47c9772fac8a2baef95be934a93e27"}
,"/Users/vijay/fe_assignment/src/components/AttendanceBlock.js": {"path":"/Users/vijay/fe_assignment/src/components/AttendanceBlock.js","statementMap":{"0":{"start":{"line":5,"column":24},"end":{"line":34,"column":1}},"1":{"start":{"line":6,"column":34},"end":{"line":6,"column":46}},"2":{"start":{"line":7,"column":40},"end":{"line":7,"column":51}},"3":{"start":{"line":9,"column":23},"end":{"line":14,"column":3}},"4":{"start":{"line":10,"column":18},"end":{"line":10,"column":32}},"5":{"start":{"line":11,"column":4},"end":{"line":11,"column":24}},"6":{"start":{"line":12,"column":16},"end":{"line":12,"column":59}},"7":{"start":{"line":12,"column":35},"end":{"line":12,"column":58}},"8":{"start":{"line":13,"column":4},"end":{"line":13,"column":20}},"9":{"start":{"line":15,"column":2},"end":{"line":33,"column":3}},"10":{"start":{"line":20,"column":12},"end":{"line":25,"column":21}}},"fnMap":{"0":{"name":"(anonymous_0)","decl":{"start":{"line":5,"column":24},"end":{"line":5,"column":25}},"loc":{"start":{"line":5,"column":30},"end":{"line":34,"column":1}},"line":5},"1":{"name":"(anonymous_1)","decl":{"start":{"line":9,"column":23},"end":{"line":9,"column":24}},"loc":{"start":{"line":9,"column":30},"end":{"line":14,"column":3}},"line":9},"2":{"name":"(anonymous_2)","decl":{"start":{"line":12,"column":27},"end":{"line":12,"column":28}},"loc":{"start":{"line":12,"column":35},"end":{"line":12,"column":58}},"line":12},"3":{"name":"(anonymous_3)","decl":{"start":{"line":19,"column":20},"end":{"line":19,"column":21}},"loc":{"start":{"line":20,"column":12},"end":{"line":25,"column":21}},"line":20}},"branchMap":{},"s":{"0":1,"1":4,"2":4,"3":4,"4":2,"5":2,"6":2,"7":9,"8":2,"9":4,"10":20},"f":{"0":4,"1":2,"2":9,"3":20},"b":{},"_coverageSchema":"1a1c01bbd47fc00a2c39e90264f33305004495a9","hash":"0bc0c5d9d8121397655b03933ece65018c5015b9"}
,"/Users/vijay/fe_assignment/src/components/CGPACards.js": {"path":"/Users/vijay/fe_assignment/src/components/CGPACards.js","statementMap":{"0":{"start":{"line":3,"column":18},"end":{"line":10,"column":1}},"1":{"start":{"line":4,"column":2},"end":{"line":9,"column":3}}},"fnMap":{"0":{"name":"(anonymous_0)","decl":{"start":{"line":3,"column":18},"end":{"line":3,"column":19}},"loc":{"start":{"line":3,"column":32},"end":{"line":10,"column":1}},"line":3}},"branchMap":{},"s":{"0":1,"1":30},"f":{"0":30},"b":{},"_coverageSchema":"1a1c01bbd47fc00a2c39e90264f33305004495a9","hash":"deca3cfdbbf42f92bf497fc8cde2e9c51d2fc863"}
,"/Users/vijay/fe_assignment/src/components/PerformanceBlock.js": {"path":"/Users/vijay/fe_assignment/src/components/PerformanceBlock.js","statementMap":{"0":{"start":{"line":8,"column":25},"end":{"line":39,"column":1}},"1":{"start":{"line":10,"column":2},"end":{"line":38,"column":3}},"2":{"start":{"line":13,"column":8},"end":{"line":34,"column":9}}},"fnMap":{"0":{"name":"(anonymous_0)","decl":{"start":{"line":8,"column":25},"end":{"line":8,"column":26}},"loc":{"start":{"line":8,"column":31},"end":{"line":39,"column":1}},"line":8},"1":{"name":"(anonymous_1)","decl":{"start":{"line":12,"column":16},"end":{"line":12,"column":17}},"loc":{"start":{"line":12,"column":24},"end":{"line":35,"column":7}},"line":12}},"branchMap":{},"s":{"0":1,"1":1,"2":5},"f":{"0":1,"1":5},"b":{},"_coverageSchema":"1a1c01bbd47fc00a2c39e90264f33305004495a9","hash":"f9718b3dfa0cf13e2b587317bdf18487f9e3c340"}
}
