TN:
SF:src/App.js
FN:4,App
FNF:1
FNH:1
FNDA:1,App
DA:5,1
LF:1
LH:1
BRF:0
BRH:0
end_of_record
TN:
SF:src/components/AssignmentBlock.js
FN:4,(anonymous_0)
FN:8,(anonymous_1)
FN:11,(anonymous_2)
FN:19,(anonymous_3)
FN:30,(anonymous_4)
FNF:5
FNH:5
FNDA:4,(anonymous_0)
FNDA:2,(anonymous_1)
FNDA:24,(anonymous_2)
FNDA:48,(anonymous_3)
FNDA:5,(anonymous_4)
DA:4,1
DA:5,4
DA:6,4
DA:8,4
DA:9,2
DA:10,2
DA:11,24
DA:12,2
DA:15,4
DA:20,48
DA:31,5
LF:11
LH:11
BRF:0
BRH:0
end_of_record
TN:
SF:src/components/Attendance.js
FN:3,(anonymous_0)
FNF:1
FNH:1
FNDA:4,(anonymous_0)
DA:3,1
DA:4,4
LF:2
LH:2
BRF:0
BRH:0
end_of_record
TN:
SF:src/components/AttendanceBlock.js
FN:5,(anonymous_0)
FN:9,(anonymous_1)
FN:12,(anonymous_2)
FN:19,(anonymous_3)
FNF:4
FNH:4
FNDA:4,(anonymous_0)
FNDA:2,(anonymous_1)
FNDA:9,(anonymous_2)
FNDA:20,(anonymous_3)
DA:5,1
DA:6,4
DA:7,4
DA:9,4
DA:10,2
DA:11,2
DA:12,9
DA:13,2
DA:15,4
DA:20,20
LF:10
LH:10
BRF:0
BRH:0
end_of_record
TN:
SF:src/components/CGPACards.js
FN:3,(anonymous_0)
FNF:1
FNH:1
FNDA:30,(anonymous_0)
DA:3,1
DA:4,30
LF:2
LH:2
BRF:0
BRH:0
end_of_record
TN:
SF:src/components/PerformanceBlock.js
FN:8,(anonymous_0)
FN:12,(anonymous_1)
FNF:2
FNH:2
FNDA:1,(anonymous_0)
FNDA:5,(anonymous_1)
DA:8,1
DA:10,1
DA:13,5
LF:3
LH:3
BRF:0
BRH:0
end_of_record
